[2025-10-06 01:54:25] This is codeql database index-files --include-extension=.yaml --include-extension=.yml --size-limit=5m --language yaml -- C:\Users\admin\Documents\DFolder\CyberSec\vulnresearch\CodeQL\beyond-zero-to-hero\class-pollution\db\django-unicorn-db-v0.60.0
[2025-10-06 01:54:25] Log file was started late.
[2025-10-06 01:54:25] Using index-files script C:\ProgramData\chocolatey\lib\codeql\tools\codeql\yaml\tools\index-files.cmd.
[2025-10-06 01:54:25] [PROGRESS] database index-files> Scanning for files in C:\Users\admin\Documents\DFolder\CyberSec\vulnresearch\CodeQL\databases\django-unicorn...
[2025-10-06 01:54:25] Calling plumbing command: codeql resolve files --include-extension=.yaml --include-extension=.yml --size-limit=5m C:\Users\admin\Documents\DFolder\CyberSec\vulnresearch\CodeQL\databases\django-unicorn --format=json
[2025-10-06 01:54:25] [PROGRESS] resolve files> Scanning C:\Users\admin\Documents\DFolder\CyberSec\vulnresearch\CodeQL\databases\django-unicorn...
[2025-10-06 01:54:25] [PROGRESS] resolve files> Scanning C:\Users\admin\Documents\DFolder\CyberSec\vulnresearch\CodeQL\databases\django-unicorn\.git...
[2025-10-06 01:54:25] [PROGRESS] resolve files> Scanning C:\Users\admin\Documents\DFolder\CyberSec\vulnresearch\CodeQL\databases\django-unicorn\.git\hooks...
[2025-10-06 01:54:25] [PROGRESS] resolve files> Scanning C:\Users\admin\Documents\DFolder\CyberSec\vulnresearch\CodeQL\databases\django-unicorn\.git\info...
[2025-10-06 01:54:25] [PROGRESS] resolve files> Scanning C:\Users\admin\Documents\DFolder\CyberSec\vulnresearch\CodeQL\databases\django-unicorn\.git\logs...
[2025-10-06 01:54:25] [PROGRESS] resolve files> Scanning C:\Users\admin\Documents\DFolder\CyberSec\vulnresearch\CodeQL\databases\django-unicorn\.git\logs\refs...
[2025-10-06 01:54:25] [PROGRESS] resolve files> Scanning C:\Users\admin\Documents\DFolder\CyberSec\vulnresearch\CodeQL\databases\django-unicorn\.git\logs\refs\heads...
[2025-10-06 01:54:25] [PROGRESS] resolve files> Scanning C:\Users\admin\Documents\DFolder\CyberSec\vulnresearch\CodeQL\databases\django-unicorn\.git\logs\refs\remotes...
[2025-10-06 01:54:25] [PROGRESS] resolve files> Scanning C:\Users\admin\Documents\DFolder\CyberSec\vulnresearch\CodeQL\databases\django-unicorn\.git\logs\refs\remotes\origin...
[2025-10-06 01:54:25] [PROGRESS] resolve files> Scanning C:\Users\admin\Documents\DFolder\CyberSec\vulnresearch\CodeQL\databases\django-unicorn\.git\objects...
[2025-10-06 01:54:25] [PROGRESS] resolve files> Scanning C:\Users\admin\Documents\DFolder\CyberSec\vulnresearch\CodeQL\databases\django-unicorn\.git\objects\info...
[2025-10-06 01:54:25] [PROGRESS] resolve files> Scanning C:\Users\admin\Documents\DFolder\CyberSec\vulnresearch\CodeQL\databases\django-unicorn\.git\objects\pack...
[2025-10-06 01:54:25] [PROGRESS] resolve files> Scanning C:\Users\admin\Documents\DFolder\CyberSec\vulnresearch\CodeQL\databases\django-unicorn\.git\refs...
[2025-10-06 01:54:25] [PROGRESS] resolve files> Scanning C:\Users\admin\Documents\DFolder\CyberSec\vulnresearch\CodeQL\databases\django-unicorn\.git\refs\heads...
[2025-10-06 01:54:25] [PROGRESS] resolve files> Scanning C:\Users\admin\Documents\DFolder\CyberSec\vulnresearch\CodeQL\databases\django-unicorn\.git\refs\remotes...
[2025-10-06 01:54:25] [PROGRESS] resolve files> Scanning C:\Users\admin\Documents\DFolder\CyberSec\vulnresearch\CodeQL\databases\django-unicorn\.git\refs\remotes\origin...
[2025-10-06 01:54:25] [PROGRESS] resolve files> Scanning C:\Users\admin\Documents\DFolder\CyberSec\vulnresearch\CodeQL\databases\django-unicorn\.git\refs\tags...
[2025-10-06 01:54:25] [PROGRESS] resolve files> Scanning C:\Users\admin\Documents\DFolder\CyberSec\vulnresearch\CodeQL\databases\django-unicorn\.github...
[2025-10-06 01:54:25] [PROGRESS] resolve files> Scanning C:\Users\admin\Documents\DFolder\CyberSec\vulnresearch\CodeQL\databases\django-unicorn\.github\workflows...
[2025-10-06 01:54:25] [PROGRESS] resolve files> Scanning C:\Users\admin\Documents\DFolder\CyberSec\vulnresearch\CodeQL\databases\django-unicorn\django_unicorn...
[2025-10-06 01:54:25] [PROGRESS] resolve files> Scanning C:\Users\admin\Documents\DFolder\CyberSec\vulnresearch\CodeQL\databases\django-unicorn\django_unicorn\components...
[2025-10-06 01:54:25] [PROGRESS] resolve files> Scanning C:\Users\admin\Documents\DFolder\CyberSec\vulnresearch\CodeQL\databases\django-unicorn\django_unicorn\management...
[2025-10-06 01:54:25] [PROGRESS] resolve files> Scanning C:\Users\admin\Documents\DFolder\CyberSec\vulnresearch\CodeQL\databases\django-unicorn\django_unicorn\management\commands...
[2025-10-06 01:54:25] [PROGRESS] resolve files> Scanning C:\Users\admin\Documents\DFolder\CyberSec\vulnresearch\CodeQL\databases\django-unicorn\django_unicorn\static...
[2025-10-06 01:54:25] [PROGRESS] resolve files> Scanning C:\Users\admin\Documents\DFolder\CyberSec\vulnresearch\CodeQL\databases\django-unicorn\django_unicorn\static\unicorn...
[2025-10-06 01:54:25] [PROGRESS] resolve files> Scanning C:\Users\admin\Documents\DFolder\CyberSec\vulnresearch\CodeQL\databases\django-unicorn\django_unicorn\static\unicorn\js...
[2025-10-06 01:54:25] [PROGRESS] resolve files> Scanning C:\Users\admin\Documents\DFolder\CyberSec\vulnresearch\CodeQL\databases\django-unicorn\django_unicorn\static\unicorn\js\morphdom...
[2025-10-06 01:54:25] [PROGRESS] resolve files> Scanning C:\Users\admin\Documents\DFolder\CyberSec\vulnresearch\CodeQL\databases\django-unicorn\django_unicorn\static\unicorn\js\morphdom\2.6.1...
[2025-10-06 01:54:25] [PROGRESS] resolve files> Scanning C:\Users\admin\Documents\DFolder\CyberSec\vulnresearch\CodeQL\databases\django-unicorn\django_unicorn\static\unicorn\js\morphers...
[2025-10-06 01:54:25] [PROGRESS] resolve files> Scanning C:\Users\admin\Documents\DFolder\CyberSec\vulnresearch\CodeQL\databases\django-unicorn\django_unicorn\templates...
[2025-10-06 01:54:25] [PROGRESS] resolve files> Scanning C:\Users\admin\Documents\DFolder\CyberSec\vulnresearch\CodeQL\databases\django-unicorn\django_unicorn\templates\unicorn...
[2025-10-06 01:54:25] [PROGRESS] resolve files> Scanning C:\Users\admin\Documents\DFolder\CyberSec\vulnresearch\CodeQL\databases\django-unicorn\django_unicorn\templatetags...
[2025-10-06 01:54:25] [PROGRESS] resolve files> Scanning C:\Users\admin\Documents\DFolder\CyberSec\vulnresearch\CodeQL\databases\django-unicorn\django_unicorn\views...
[2025-10-06 01:54:25] [PROGRESS] resolve files> Scanning C:\Users\admin\Documents\DFolder\CyberSec\vulnresearch\CodeQL\databases\django-unicorn\django_unicorn\views\action_parsers...
[2025-10-06 01:54:25] [PROGRESS] resolve files> Scanning C:\Users\admin\Documents\DFolder\CyberSec\vulnresearch\CodeQL\databases\django-unicorn\docs...
[2025-10-06 01:54:25] [PROGRESS] resolve files> Scanning C:\Users\admin\Documents\DFolder\CyberSec\vulnresearch\CodeQL\databases\django-unicorn\docs\source...
[2025-10-06 01:54:25] [PROGRESS] resolve files> Scanning C:\Users\admin\Documents\DFolder\CyberSec\vulnresearch\CodeQL\databases\django-unicorn\example...
[2025-10-06 01:54:25] [PROGRESS] resolve files> Scanning C:\Users\admin\Documents\DFolder\CyberSec\vulnresearch\CodeQL\databases\django-unicorn\example\apps...
[2025-10-06 01:54:25] [PROGRESS] resolve files> Scanning C:\Users\admin\Documents\DFolder\CyberSec\vulnresearch\CodeQL\databases\django-unicorn\example\apps\main...
[2025-10-06 01:54:25] [PROGRESS] resolve files> Scanning C:\Users\admin\Documents\DFolder\CyberSec\vulnresearch\CodeQL\databases\django-unicorn\example\apps\main\components...
[2025-10-06 01:54:25] [PROGRESS] resolve files> Scanning C:\Users\admin\Documents\DFolder\CyberSec\vulnresearch\CodeQL\databases\django-unicorn\example\books...
[2025-10-06 01:54:25] [PROGRESS] resolve files> Scanning C:\Users\admin\Documents\DFolder\CyberSec\vulnresearch\CodeQL\databases\django-unicorn\example\books\migrations...
[2025-10-06 01:54:25] [PROGRESS] resolve files> Scanning C:\Users\admin\Documents\DFolder\CyberSec\vulnresearch\CodeQL\databases\django-unicorn\example\coffee...
[2025-10-06 01:54:25] [PROGRESS] resolve files> Scanning C:\Users\admin\Documents\DFolder\CyberSec\vulnresearch\CodeQL\databases\django-unicorn\example\coffee\fixtures...
[2025-10-06 01:54:25] [PROGRESS] resolve files> Scanning C:\Users\admin\Documents\DFolder\CyberSec\vulnresearch\CodeQL\databases\django-unicorn\example\coffee\management...
[2025-10-06 01:54:25] [PROGRESS] resolve files> Scanning C:\Users\admin\Documents\DFolder\CyberSec\vulnresearch\CodeQL\databases\django-unicorn\example\coffee\management\commands...
[2025-10-06 01:54:25] [PROGRESS] resolve files> Scanning C:\Users\admin\Documents\DFolder\CyberSec\vulnresearch\CodeQL\databases\django-unicorn\example\coffee\migrations...
[2025-10-06 01:54:25] [PROGRESS] resolve files> Scanning C:\Users\admin\Documents\DFolder\CyberSec\vulnresearch\CodeQL\databases\django-unicorn\example\project...
[2025-10-06 01:54:25] [PROGRESS] resolve files> Scanning C:\Users\admin\Documents\DFolder\CyberSec\vulnresearch\CodeQL\databases\django-unicorn\example\static...
[2025-10-06 01:54:25] [PROGRESS] resolve files> Scanning C:\Users\admin\Documents\DFolder\CyberSec\vulnresearch\CodeQL\databases\django-unicorn\example\static\css...
[2025-10-06 01:54:25] [PROGRESS] resolve files> Scanning C:\Users\admin\Documents\DFolder\CyberSec\vulnresearch\CodeQL\databases\django-unicorn\example\static\js...
[2025-10-06 01:54:25] [PROGRESS] resolve files> Scanning C:\Users\admin\Documents\DFolder\CyberSec\vulnresearch\CodeQL\databases\django-unicorn\example\static\svg...
[2025-10-06 01:54:25] [PROGRESS] resolve files> Scanning C:\Users\admin\Documents\DFolder\CyberSec\vulnresearch\CodeQL\databases\django-unicorn\example\unicorn...
[2025-10-06 01:54:25] [PROGRESS] resolve files> Scanning C:\Users\admin\Documents\DFolder\CyberSec\vulnresearch\CodeQL\databases\django-unicorn\example\unicorn\components...
[2025-10-06 01:54:25] [PROGRESS] resolve files> Scanning C:\Users\admin\Documents\DFolder\CyberSec\vulnresearch\CodeQL\databases\django-unicorn\example\unicorn\components\nested...
[2025-10-06 01:54:25] [PROGRESS] resolve files> Scanning C:\Users\admin\Documents\DFolder\CyberSec\vulnresearch\CodeQL\databases\django-unicorn\example\unicorn\components\wizard...
[2025-10-06 01:54:25] [PROGRESS] resolve files> Scanning C:\Users\admin\Documents\DFolder\CyberSec\vulnresearch\CodeQL\databases\django-unicorn\example\unicorn\templates...
[2025-10-06 01:54:25] [PROGRESS] resolve files> Scanning C:\Users\admin\Documents\DFolder\CyberSec\vulnresearch\CodeQL\databases\django-unicorn\example\unicorn\templates\unicorn...
[2025-10-06 01:54:25] [PROGRESS] resolve files> Scanning C:\Users\admin\Documents\DFolder\CyberSec\vulnresearch\CodeQL\databases\django-unicorn\example\unicorn\templates\unicorn\nested...
[2025-10-06 01:54:25] [PROGRESS] resolve files> Scanning C:\Users\admin\Documents\DFolder\CyberSec\vulnresearch\CodeQL\databases\django-unicorn\example\unicorn\templates\unicorn\wizard...
[2025-10-06 01:54:25] [PROGRESS] resolve files> Scanning C:\Users\admin\Documents\DFolder\CyberSec\vulnresearch\CodeQL\databases\django-unicorn\example\www...
[2025-10-06 01:54:25] [PROGRESS] resolve files> Scanning C:\Users\admin\Documents\DFolder\CyberSec\vulnresearch\CodeQL\databases\django-unicorn\example\www\templates...
[2025-10-06 01:54:25] [PROGRESS] resolve files> Scanning C:\Users\admin\Documents\DFolder\CyberSec\vulnresearch\CodeQL\databases\django-unicorn\example\www\templates\www...
[2025-10-06 01:54:25] [PROGRESS] resolve files> Scanning C:\Users\admin\Documents\DFolder\CyberSec\vulnresearch\CodeQL\databases\django-unicorn\img...
[2025-10-06 01:54:25] [PROGRESS] resolve files> Scanning C:\Users\admin\Documents\DFolder\CyberSec\vulnresearch\CodeQL\databases\django-unicorn\tests...
[2025-10-06 01:54:25] [PROGRESS] resolve files> Scanning C:\Users\admin\Documents\DFolder\CyberSec\vulnresearch\CodeQL\databases\django-unicorn\tests\benchmarks...
[2025-10-06 01:54:25] [PROGRESS] resolve files> Scanning C:\Users\admin\Documents\DFolder\CyberSec\vulnresearch\CodeQL\databases\django-unicorn\tests\benchmarks\serializer...
[2025-10-06 01:54:25] [PROGRESS] resolve files> Scanning C:\Users\admin\Documents\DFolder\CyberSec\vulnresearch\CodeQL\databases\django-unicorn\tests\call_method_parser...
[2025-10-06 01:54:25] [PROGRESS] resolve files> Scanning C:\Users\admin\Documents\DFolder\CyberSec\vulnresearch\CodeQL\databases\django-unicorn\tests\components...
[2025-10-06 01:54:25] [PROGRESS] resolve files> Scanning C:\Users\admin\Documents\DFolder\CyberSec\vulnresearch\CodeQL\databases\django-unicorn\tests\js...
[2025-10-06 01:54:25] [PROGRESS] resolve files> Scanning C:\Users\admin\Documents\DFolder\CyberSec\vulnresearch\CodeQL\databases\django-unicorn\tests\js\component...
[2025-10-06 01:54:25] [PROGRESS] resolve files> Scanning C:\Users\admin\Documents\DFolder\CyberSec\vulnresearch\CodeQL\databases\django-unicorn\tests\js\element...
[2025-10-06 01:54:25] [PROGRESS] resolve files> Scanning C:\Users\admin\Documents\DFolder\CyberSec\vulnresearch\CodeQL\databases\django-unicorn\tests\js\unicorn...
[2025-10-06 01:54:25] [PROGRESS] resolve files> Scanning C:\Users\admin\Documents\DFolder\CyberSec\vulnresearch\CodeQL\databases\django-unicorn\tests\js\utils...
[2025-10-06 01:54:25] [PROGRESS] resolve files> Scanning C:\Users\admin\Documents\DFolder\CyberSec\vulnresearch\CodeQL\databases\django-unicorn\tests\management...
[2025-10-06 01:54:25] [PROGRESS] resolve files> Scanning C:\Users\admin\Documents\DFolder\CyberSec\vulnresearch\CodeQL\databases\django-unicorn\tests\management\commands...
[2025-10-06 01:54:25] [PROGRESS] resolve files> Scanning C:\Users\admin\Documents\DFolder\CyberSec\vulnresearch\CodeQL\databases\django-unicorn\tests\management\commands\startunicorn...
[2025-10-06 01:54:25] [PROGRESS] resolve files> Scanning C:\Users\admin\Documents\DFolder\CyberSec\vulnresearch\CodeQL\databases\django-unicorn\tests\serializer...
[2025-10-06 01:54:25] [PROGRESS] resolve files> Scanning C:\Users\admin\Documents\DFolder\CyberSec\vulnresearch\CodeQL\databases\django-unicorn\tests\templates...
[2025-10-06 01:54:25] [PROGRESS] resolve files> Scanning C:\Users\admin\Documents\DFolder\CyberSec\vulnresearch\CodeQL\databases\django-unicorn\tests\templatetags...
[2025-10-06 01:54:25] [PROGRESS] resolve files> Scanning C:\Users\admin\Documents\DFolder\CyberSec\vulnresearch\CodeQL\databases\django-unicorn\tests\views...
[2025-10-06 01:54:25] [PROGRESS] resolve files> Scanning C:\Users\admin\Documents\DFolder\CyberSec\vulnresearch\CodeQL\databases\django-unicorn\tests\views\action_parsers...
[2025-10-06 01:54:25] [PROGRESS] resolve files> Scanning C:\Users\admin\Documents\DFolder\CyberSec\vulnresearch\CodeQL\databases\django-unicorn\tests\views\action_parsers\call_method...
[2025-10-06 01:54:25] [PROGRESS] resolve files> Scanning C:\Users\admin\Documents\DFolder\CyberSec\vulnresearch\CodeQL\databases\django-unicorn\tests\views\action_parsers\utils...
[2025-10-06 01:54:25] [PROGRESS] resolve files> Scanning C:\Users\admin\Documents\DFolder\CyberSec\vulnresearch\CodeQL\databases\django-unicorn\tests\views\message...
[2025-10-06 01:54:25] [PROGRESS] resolve files> Scanning C:\Users\admin\Documents\DFolder\CyberSec\vulnresearch\CodeQL\databases\django-unicorn\tests\views\utils...
[2025-10-06 01:54:26] Plumbing command codeql resolve files completed:
                      [
                        "C:\\Users\\admin\\Documents\\DFolder\\CyberSec\\vulnresearch\\CodeQL\\databases\\django-unicorn\\.github\\FUNDING.yml",
                        "C:\\Users\\admin\\Documents\\DFolder\\CyberSec\\vulnresearch\\CodeQL\\databases\\django-unicorn\\.github\\workflows\\js.yml",
                        "C:\\Users\\admin\\Documents\\DFolder\\CyberSec\\vulnresearch\\CodeQL\\databases\\django-unicorn\\.github\\workflows\\python.yml"
                      ]
[2025-10-06 01:54:26] [DETAILS] database index-files> Found 3 files.
[2025-10-06 01:54:26] [PROGRESS] database index-files> C:\Users\admin\Documents\DFolder\CyberSec\vulnresearch\CodeQL\beyond-zero-to-hero\class-pollution\db\django-unicorn-db-v0.60.0: Indexing files in in C:\Users\admin\Documents\DFolder\CyberSec\vulnresearch\CodeQL\databases\django-unicorn...
[2025-10-06 01:54:26] Using index-files script C:\ProgramData\chocolatey\lib\codeql\tools\codeql\yaml\tools\index-files.cmd.
[2025-10-06 01:54:26] [PROGRESS] database index-files> Running command in C:\Users\admin\Documents\DFolder\CyberSec\vulnresearch\CodeQL\databases\django-unicorn: [C:\ProgramData\chocolatey\lib\codeql\tools\codeql\yaml\tools\index-files.cmd, C:\Users\admin\Documents\DFolder\CyberSec\vulnresearch\CodeQL\beyond-zero-to-hero\class-pollution\db\django-unicorn-db-v0.60.0\working\files-to-index5614975677983968600.list]
[2025-10-06 01:54:28] Terminating normally.
