[2025-10-06 11:04:47] This is codeql execute queries -J-Xmx1800M --off-heap-ram=1574 --verbosity=progress --logdir=C:\Users\admin\vulnresearch\CodeQL\beyond-zero-to-hero\class-pollution\db\django-unicorn-db-v0.60.0\log --evaluator-log-level=5 --warnings=show --qlconfig-file=C:\Users\admin\vulnresearch\CodeQL\beyond-zero-to-hero\class-pollution\qlconfig.yml --dynamic-join-order-mode=none --no-rerun --output=C:\Users\admin\vulnresearch\CodeQL\beyond-zero-to-hero\class-pollution\db\django-unicorn-db-v0.60.0\results -- C:\Users\admin\vulnresearch\CodeQL\beyond-zero-to-hero\class-pollution\db\django-unicorn-db-v0.60.0\db-python .\queries\classPollutionDjango-uni.ql
[2025-10-06 11:04:48] Calling plumbing command: codeql resolve queries --qlconfig-file=C:\Users\admin\vulnresearch\CodeQL\beyond-zero-to-hero\class-pollution\qlconfig.yml --format=json -- .\queries\classPollutionDjango-uni.ql
[2025-10-06 11:04:49] [PROGRESS] resolve queries> Recording pack reference class-pollution at C:\Users\admin\vulnresearch\CodeQL\beyond-zero-to-hero\class-pollution.
[2025-10-06 11:04:49] Plumbing command codeql resolve queries completed:
                      [
                        "C:\\Users\\admin\\vulnresearch\\CodeQL\\beyond-zero-to-hero\\class-pollution\\queries\\classPollutionDjango-uni.ql"
                      ]
[2025-10-06 11:04:49] Refusing fancy output: The terminal is not an xterm: 
[2025-10-06 11:04:49] Creating executor with 1 threads.
[2025-10-06 11:04:50] Exception caught at top level: Error initializing the IMB disk cache: the cache directory is already locked by another running process. Only one instance of the IMB can access a cache directory at a time. The lock file is located at C:\Users\admin\vulnresearch\CodeQL\beyond-zero-to-hero\class-pollution\db\django-unicorn-db-v0.60.0\db-python\default\cache\.lock
                      (eventual cause: OverlappingFileLockException)
                      com.semmle.inmemory.caching.RelationCacheImpl.takeFilesystemLock(RelationCacheImpl.java:362)
                      com.semmle.inmemory.caching.RelationCacheImpl.create(RelationCacheImpl.java:114)
                      com.semmle.inmemory.scheduler.EvaluationSchedule.<init>(EvaluationSchedule.java:105)
                      com.semmle.inmemory.caching.RelationManager.<init>(RelationManager.java:64)
                      com.semmle.inmemory.MemoryBackend.<init>(MemoryBackend.java:127)
                      com.semmle.cli2.ql.EvaluationCommon.<init>(EvaluationCommon.java:99)
                      com.semmle.cli2.ql.EvaluationCommon.<init>(EvaluationCommon.java:66)
                      com.semmle.cli2.execute.ExecuteQueriesCommand.executeSubcommand(ExecuteQueriesCommand.java:467)
                      com.semmle.cli2.picocli.SubcommandCommon.lambda$executeSubcommandWithMessages$5(SubcommandCommon.java:892)
                      com.semmle.cli2.picocli.SubcommandCommon.withCompilationMessages(SubcommandCommon.java:444)
                      com.semmle.cli2.picocli.SubcommandCommon.executeSubcommandWithMessages(SubcommandCommon.java:890)
                      com.semmle.cli2.picocli.SubcommandCommon.toplevelMain(SubcommandCommon.java:777)
                      com.semmle.cli2.picocli.SubcommandCommon.call(SubcommandCommon.java:757)
                      com.semmle.cli2.picocli.SubcommandMaker.runMain(SubcommandMaker.java:238)
                      com.semmle.cli2.picocli.SubcommandMaker.runMain(SubcommandMaker.java:259)
                      com.semmle.cli2.CodeQL.main(CodeQL.java:113)
                      
                       ... caused by:
                      
                      java.nio.channels.OverlappingFileLockException
                      com.semmle.util.files.FileSystemLock.<init>(FileSystemLock.java:74)
                      com.semmle.inmemory.caching.RelationCacheImpl.takeFilesystemLock(RelationCacheImpl.java:358)
                      com.semmle.inmemory.caching.RelationCacheImpl.create(RelationCacheImpl.java:114)
                      com.semmle.inmemory.scheduler.EvaluationSchedule.<init>(EvaluationSchedule.java:105)
                      com.semmle.inmemory.caching.RelationManager.<init>(RelationManager.java:64)
                      com.semmle.inmemory.MemoryBackend.<init>(MemoryBackend.java:127)
                      com.semmle.cli2.ql.EvaluationCommon.<init>(EvaluationCommon.java:99)
                      com.semmle.cli2.ql.EvaluationCommon.<init>(EvaluationCommon.java:66)
                      com.semmle.cli2.execute.ExecuteQueriesCommand.executeSubcommand(ExecuteQueriesCommand.java:467)
                      com.semmle.cli2.picocli.SubcommandCommon.lambda$executeSubcommandWithMessages$5(SubcommandCommon.java:892)
                      com.semmle.cli2.picocli.SubcommandCommon.withCompilationMessages(SubcommandCommon.java:444)
                      com.semmle.cli2.picocli.SubcommandCommon.executeSubcommandWithMessages(SubcommandCommon.java:890)
                      com.semmle.cli2.picocli.SubcommandCommon.toplevelMain(SubcommandCommon.java:777)
                      com.semmle.cli2.picocli.SubcommandCommon.call(SubcommandCommon.java:757)
                      com.semmle.cli2.picocli.SubcommandMaker.runMain(SubcommandMaker.java:238)
                      com.semmle.cli2.picocli.SubcommandMaker.runMain(SubcommandMaker.java:259)
                      com.semmle.cli2.CodeQL.main(CodeQL.java:113)
